<?xml version="1.0" encoding="UTF-8"?>
<robot generator="Robot 7.1.1 (Python 3.13.7 on win32)" generated="2026-09-03T20:57:04.593080" rpa="false" schemaversion="5">
<suite id="s1" name="Health Check" source="C:\Christian\Projects\TypeMaster\qa-automation\tests\api\health_check.robot">
<test id="s1-t1" name="Backend Is Reachable" line="8">
<kw name="Get" owner="APIClient">
<msg time="2026-09-03T20:57:06.881601" level="INFO">${status} = 404</msg>
<msg time="2026-09-03T20:57:06.881649" level="INFO">${body} = &lt;!doctype html&gt;
&lt;html lang=en&gt;
&lt;title&gt;404 Not Found&lt;/title&gt;
&lt;h1&gt;Not Found&lt;/h1&gt;
&lt;p&gt;The requested URL was not found on the server. If you entered the URL manually please check your spelling and try agai...</msg>
<var>${status}</var>
<var>${body}</var>
<arg>/</arg>
<status status="PASS" start="2026-09-03T20:57:04.805738" elapsed="2.075934"/>
</kw>
<kw name="Should Not Be Equal As Integers" owner="BuiltIn">
<msg time="2026-09-03T20:57:06.882153" level="INFO">Argument types are:
&lt;class 'int'&gt;
&lt;class 'str'&gt;</msg>
<arg>${status}</arg>
<arg>0</arg>
<doc>Fails if objects are equal after converting them to integers.</doc>
<status status="PASS" start="2026-09-03T20:57:06.881965" elapsed="0.000272"/>
</kw>
<tag>api</tag>
<tag>smoke</tag>
<status status="PASS" start="2026-09-03T20:57:04.805096" elapsed="2.077383"/>
</test>
<test id="s1-t2" name="Unknown Endpoint Returns 404 Not 500" line="12">
<kw name="Get" owner="APIClient">
<msg time="2026-09-03T20:57:08.951124" level="INFO">${status} = 404</msg>
<msg time="2026-09-03T20:57:08.951164" level="INFO">${body} = &lt;!doctype html&gt;
&lt;html lang=en&gt;
&lt;title&gt;404 Not Found&lt;/title&gt;
&lt;h1&gt;Not Found&lt;/h1&gt;
&lt;p&gt;The requested URL was not found on the server. If you entered the URL manually please check your spelling and try agai...</msg>
<var>${status}</var>
<var>${body}</var>
<arg>/this-route-should-not-exist-xyz</arg>
<status status="PASS" start="2026-09-03T20:57:06.883284" elapsed="2.067898"/>
</kw>
<kw name="Should Be Equal As Integers" owner="BuiltIn">
<msg time="2026-09-03T20:57:08.951646" level="INFO">Argument types are:
&lt;class 'int'&gt;
&lt;class 'str'&gt;</msg>
<arg>${status}</arg>
<arg>404</arg>
<doc>Fails if objects are unequal after converting them to integers.</doc>
<status status="PASS" start="2026-09-03T20:57:08.951509" elapsed="0.000178"/>
</kw>
<tag>api</tag>
<tag>smoke</tag>
<status status="PASS" start="2026-09-03T20:57:06.882975" elapsed="2.068948"/>
</test>
<status status="PASS" start="2026-09-03T20:57:04.594973" elapsed="4.357602"/>
</suite>
<statistics>
<total>
<stat pass="2" fail="0" skip="0">All Tests</stat>
</total>
<tag>
<stat pass="2" fail="0" skip="0">api</stat>
<stat pass="2" fail="0" skip="0">smoke</stat>
</tag>
<suite>
<stat pass="2" fail="0" skip="0" id="s1" name="Health Check">Health Check</stat>
</suite>
</statistics>
<errors>
</errors>
</robot>
